/opt/glibc-2.23/lib:
	libpcprofile.so -> libpcprofile.so
	ld-linux-x86-64.so.2 -> ld-2.23.so
	libdl.so.2 -> libdl-2.23.so
	libmemusage.so -> libmemusage.so
	libSegFault.so -> libSegFault.so
	libpthread.so.0 -> libpthread-2.23.so
	libnss_nis.so.2 -> libnss_nis-2.23.so
	libc.so.6 -> libc-2.23.so
	libresolv.so.2 -> libresolv-2.23.so
	libnss_files.so.2 -> libnss_files-2.23.so
	libanl.so.1 -> libanl-2.23.so
	libcrypt.so.1 -> libcrypt-2.23.so
	libnss_dns.so.2 -> libnss_dns-2.23.so
	libnsl.so.1 -> libnsl-2.23.so
	libnss_nisplus.so.2 -> libnss_nisplus-2.23.so
	libBrokenLocale.so.1 -> libBrokenLocale-2.23.so
	libcidn.so.1 -> libcidn-2.23.so
	libutil.so.1 -> libutil-2.23.so
	libnss_db.so.2 -> libnss_db-2.23.so
	librt.so.1 -> librt-2.23.so
	libm.so.6 -> libm-2.23.so
	libmvec.so.1 -> libmvec-2.23.so
	libnss_hesiod.so.2 -> libnss_hesiod-2.23.so
	libnss_compat.so.2 -> libnss_compat-2.23.so
	libthread_db.so.1 -> libthread_db-1.0.so
/usr/lib/x86_64-linux-gnu:
	libminiupnpc.so.10 -> libminiupnpc.so.10
	librtmp.so.1 -> librtmp.so.1
	libboost_date_time.so.1.58.0 -> libboost_date_time.so.1.58.0
	libtcl8.6.so -> libtcl8.6.so.0
	libsgutils2.so.2 -> libsgutils2.so.2.0.0
	libclucene-core.so.1 -> libclucene-core.so.2.3.3.4
	libboost_system.so.1.58.0 -> libboost_system.so.1.58.0
	libsmime3.so -> libsmime3.so
	libnssutil3.so -> libnssutil3.so
	libjbig.so.0 -> libjbig.so.0
	liborc-0.4.so.0 -> liborc-0.4.so.0.25.0
	libunity-control-center.so.1 -> libunity-control-center.so.1.0.0
	libhardware.so.2 -> libhardware.so.2.0.0
	libmircommon.so.7 -> libmircommon.so.7
	libcapnp-rpc-0.5.3.so -> libcapnp-rpc-0.5.3.so
	libsmbconf.so.0 -> libsmbconf.so.0
	libsamba-policy.so.0 -> libsamba-policy.so.0.0.1
	libtinyxml.so.2.6.2 -> libtinyxml.so.2.6.2
	libart_lgpl_2.so.2 -> libart_lgpl_2.so.2.3.21
	libdbusmenu-glib.so.4 -> libdbusmenu-glib.so.4.0.12
	libpcreposix.so.3 -> libpcreposix.so.3.13.2
	libodfgen-0.1.so.1 -> libodfgen-0.1.so.1.0.6
	libnpth.so.0 -> libnpth.so.0.0.5
	libgpod.so.4 -> libgpod.so.4.3.2
	libatomic.so.1 -> libatomic.so.1.1.0
	libdbusmenu-qt5.so.2 -> libdbusmenu-qt5.so.2.6.0
	libicutest.so.55 -> libicutest.so.55.1
	libisl.so.15 -> libisl.so.15.1.1
	libmm-glib.so.0 -> libmm-glib.so.0.3.0
	libIlmThread-2_2.so.12 -> libIlmThread-2_2.so.12.0.0
	liblber-2.4.so.2 -> liblber-2.4.so.2.10.5
	libqmi-glib.so.5 -> libqmi-glib.so.5.1.0
	libsemanage.so.1 -> libsemanage.so.1
	libdatrie.so.1 -> libdatrie.so.1.3.3
	libwavpack.so.1 -> libwavpack.so.1.1.7
	libpulse-simple.so.0 -> libpulse-simple.so.0.1.0
	libxshmfence.so.1 -> libxshmfence.so.1.0.0
	libnspr4.so -> libnspr4.so
	libgrlpls-0.2.so.0 -> libgrlpls-0.2.so.0.0.5
	libhpip.so.0 -> libhpip.so.0.0.1
	libvisual-0.4.so.0 -> libvisual-0.4.so.0.0.0
	libjacknet.so.0 -> libjacknet.so.0.1.0
	libgpgme-pthread.so.11 -> libgpgme-pthread.so.11.14.0
	libpytalloc-util.so.2 -> libpytalloc-util.so.2.1.5
	liblirc_client.so.0 -> liblirc_client.so.0.2.1
	libformw.so.5 -> libformw.so.5.9
	libcilkrts.so.5 -> libcilkrts.so.5.0.0
	libgstvideo-1.0.so.0 -> libgstvideo-1.0.so.0.803.0
	libsamba-credentials.so.0 -> libsamba-credentials.so.0.0.1
	libcanberra-gtk.so.0 -> libcanberra-gtk.so.0.1.9
	libao.so.4 -> libao.so.4.0.0
	libboost_iostreams.so.1.58.0 -> libboost_iostreams.so.1.58.0
	libxcb-icccm.so.4 -> libxcb-icccm.so.4.0.0
	libboost_filesystem.so.1.58.0 -> libboost_filesystem.so.1.58.0
	libgee-0.8.so.2 -> libgee-0.8.so.2.5.1
	libmenu.so.5 -> libmenu.so.5.9
	liblua5.2.so.0 -> liblua5.2.so.0.0.0
	libwind.so.0 -> libwind.so.0.0.0
	libcapnp-0.5.3.so -> libcapnp-0.5.3.so
	libpolkit-backend-1.so.0 -> libpolkit-backend-1.so.0.0.0
	libgrail.so.6 -> libgrail.so.6.0.0
	libXt.so.6 -> libXt.so.6.0.0
	libxcb-xkb.so.1 -> libxcb-xkb.so.1.0.0
	libwinpr-dsparse.so.0.1 -> libwinpr-dsparse.so.0.1.0
	libv4l2.so.0 -> libv4l2.so.0.0.0
	libX11-xcb.so.1 -> libX11-xcb.so.1.0.0
	libbabeltrace.so.1 -> libbabeltrace.so.1.0.0
	libgstbase-1.0.so.0 -> libgstbase-1.0.so.0.803.0
	libdouble-conversion.so.1 -> libdouble-conversion.so.1.0
	libwebp.so.5 -> libwebp.so.5.0.4
	libgensec.so.0 -> libgensec.so.0.0.1
	libvorbisfile.so.3 -> libvorbisfile.so.3.3.7
	libdb-5.3.so -> libdb-5.3.so
	libfontenc.so.1 -> libfontenc.so.1.0.0
	libustr-1.0.so.1 -> libustr-1.0.so.1.0.4
	libspeexdsp.so.1 -> libspeexdsp.so.1.5.0
	libatk-1.0.so.0 -> libatk-1.0.so.0.21809.1
	libltdl.so.7 -> libltdl.so.7.3.1
	libxcb-render-util.so.0 -> libxcb-render-util.so.0.0.0
	libgrilo-0.2.so.1 -> libgrilo-0.2.so.1.10.0
	libspeex.so.1 -> libspeex.so.1.5.0
	libgstfft-1.0.so.0 -> libgstfft-1.0.so.0.803.0
	libcheese.so.8 -> libcheese.so.8.0.3
	libxcb-image.so.0 -> libxcb-image.so.0.0.0
	libido3-0.1.so.0 -> libido3-0.1.so.0.0.0
	libxcb-sync.so.1 -> libxcb-sync.so.1.0.0
	libhybris-eglplatformcommon.so.1 -> libhybris-eglplatformcommon.so.1.0.0
	libasn1.so.8 -> libasn1.so.8.0.0
	libdecoration.so.0 -> libdecoration.so.0.0.0
	libgdkmm-3.0.so.1 -> libgdkmm-3.0.so.1.1.0
	libcogl-path.so.20 -> libcogl-path.so.20.4.1
	libinproctrace.so -> libinproctrace.so
	libcairo.so.2 -> libcairo.so.2.11400.6
	libbabeltrace-ctf-text.so.1 -> libbabeltrace-ctf-text.so.1.0.0
	librom1394.so.0 -> librom1394.so.0.3.0
	libsamdb.so.0 -> libsamdb.so.0.0.1
	libijs-0.35.so -> libijs-0.35.so
	libappstream-glib.so.8 -> libappstream-glib.so.8.0.6
	libecal-1.2.so.19 -> libecal-1.2.so.19.0.0
	libsoup-2.4.so.1 -> libsoup-2.4.so.1.7.0
	libfcitx-qt.so.0 -> libfcitx-qt.so.0.1
	libicalss.so.1 -> libicalss.so.1.0.1
	libgdata.so.22 -> libgdata.so.22.1.2
	libcamera.so.1 -> libcamera.so.1.0.0
	libupower-glib.so.3 -> libupower-glib.so.3.0.1
	libatk-bridge-2.0.so.0 -> libatk-bridge-2.0.so.0.0.0
	libgssapi.so.3 -> libgssapi.so.3.0.0
	libndp.so.0 -> libndp.so.0.0.2
	libsf.so.1 -> libsf.so.1.0.0
	libexiv2.so.14 -> libexiv2.so.14.0.0
	libOxideQtCore.so.0 -> libOxideQtCore.so.0
	libldap_r-2.4.so.2 -> libldap_r-2.4.so.2.10.5
	libform.so.5 -> libform.so.5.9
	libspeechd.so.2 -> libspeechd.so.2.6.0
	libfreerdp-core.so.1.1 -> libfreerdp-core.so.1.1.0
	libroken.so.18 -> libroken.so.18.1.0
	libbabeltrace-dummy.so.1 -> libbabeltrace-dummy.so.1.0.0
	libunity-settings-daemon.so.1 -> libunity-settings-daemon.so.1.0.0
	libQt5Multimedia.so.5 -> libQt5Multimedia.so.5.5.1
	libgccpp.so.1 -> libgccpp.so.1.0.3
	libgweather-3.so.6 -> libgweather-3.so.6.5.0
	libsuitesparseconfig.so.4.4.6 -> libsuitesparseconfig.so.4.4.6
	libgnome-bluetooth.so.0 -> libgnome-bluetooth.so.0.0.0
	libgnome-desktop-3.so.12 -> libgnome-desktop-3.so.12.0.0
	libwebpdemux.so.1 -> libwebpdemux.so.1.0.2
	libyajl.so.2 -> libyajl.so.2.1.0
	libpixman-1.so.0 -> libpixman-1.so.0.33.6
	libk5crypto.so.3 -> libk5crypto.so.3.1
	libpackagekit-glib2.so.16 -> libpackagekit-glib2.so.16.3.0
	libcompiz_core.so.ABI-20180221 -> libcompiz_core.so.0.9.12.3
	libcheese-gtk.so.25 -> libcheese-gtk.so.25.0.3
	libQtGui.so.4 -> libQtGui.so.4.8.7
	libsnmp.so.30 -> libsnmp.so.30.0.3
	libvisio-0.1.so.1 -> libvisio-0.1.so.1.0.5
	libqmi-glib.so.1 -> libqmi-glib.so.1.3.0
	libgoa-1.0.so.0 -> libgoa-1.0.so.0.0.0
	libbind9.so.140 -> libbind9.so.140.0.10
	libisccfg.so.140 -> libisccfg.so.140.3.0
	libnm.so.0 -> libnm.so.0.1.0
	libunity-gtk2-parser.so.0 -> libunity-gtk2-parser.so.0.0.0
	libXmu.so.6 -> libXmu.so.6.2.0
	libpspell.so.15 -> libpspell.so.15.2.0
	libgobject-2.0.so.0 -> libgobject-2.0.so.0.4800.2
	libgdk_pixbuf-2.0.so.0 -> libgdk_pixbuf-2.0.so.0.3200.2
	libbabeltrace-ctf-metadata.so.1 -> libbabeltrace-ctf-metadata.so.1.0.0
	libsync.so.2 -> libsync.so.2.0.0
	libcups.so.2 -> libcups.so.2
	libsane.so.1 -> libsane.so.1.0.25
	libnatpmp.so.1 -> libnatpmp.so.1
	libwhoopsie.so.0 -> libwhoopsie.so.0.0
	libmtdev.so.1 -> libmtdev.so.1.0.0
	libgnome-keyring.so.0 -> libgnome-keyring.so.0.2.0
	libzeitgeist-2.0.so.0 -> libzeitgeist-2.0.so.0.0.0
	libfftw3.so.3 -> libfftw3.so.3.4.4
	liborcus-parser-0.10.so.0 -> liborcus-parser-0.10.so.0.0.0
	libavc1394.so.0 -> libavc1394.so.0.3.0
	libjson-glib-1.0.so.0 -> libjson-glib-1.0.so.0.102.0
	libwpg-0.3.so.3 -> libwpg-0.3.so.3.0.1
	libidn.so.11 -> libidn.so.11.6.15
	libgstapp-1.0.so.0 -> libgstapp-1.0.so.0.803.0
	libsensors.so.4 -> libsensors.so.4.4.0
	libgconf-2.so.4 -> libgconf-2.so.4.1.5
	liblua5.2-c++.so.0 -> liblua5.2-c++.so.0.0.0
	libbabeltrace-ctf.so.1 -> libbabeltrace-ctf.so.1.0.0
	libdcerpc-atsvc.so.0 -> libdcerpc-atsvc.so.0.0.1
	libxcb-dri2.so.0 -> libxcb-dri2.so.0.0.0
	libenchant.so.1 -> libenchant.so.1.6.0
	libQt5Organizer.so.5 -> libQt5Organizer.so.5.0.0
	libitm.so.1 -> libitm.so.1.0.0
	libwps-0.4.so.4 -> libwps-0.4.so.4.0.3
	libdcerpc-server.so.0 -> libdcerpc-server.so.0.0.1
	libpolkit-gobject-1.so.0 -> libpolkit-gobject-1.so.0.0.0
	libicutu.so.55 -> libicutu.so.55.1
	libXpm.so.4 -> libXpm.so.4.11.0
	libgnome-menu-3.so.0 -> libgnome-menu-3.so.0.0.1
	libXRes.so.1 -> libXRes.so.1.0.0
	libebook-1.2.so.16 -> libebook-1.2.so.16.3.1
	libxcb-dri3.so.0 -> libxcb-dri3.so.0.0.0
	libcolorhug.so.2 -> libcolorhug.so.2.0.4
	libQtSql.so.4 -> libQtSql.so.4.8.7
	libwayland-client.so.0 -> libwayland-client.so.0.3.0
	libssh.so.4 -> libssh.so.4.4.1
	libtotem-plparser-mini.so.18 -> libtotem-plparser-mini.so.18.1.0
	libelf.so.1 -> libelf-0.165.so
	libssl3.so -> libssl3.so
	libdebconfclient.so.0 -> libdebconfclient.so.0.0.0
	libIntelXvMC.so.1 -> libIntelXvMC.so.1.0.0
	libunity-action-qt.so.1 -> libunity-action-qt.so.1
	libicule.so.55 -> libicule.so.55.1
	libpcap.so.0.8 -> libpcap.so.1.7.4
	libsignon-plugins-common.so.1 -> libsignon-plugins-common.so.1.0.0
	libstartup-notification-1.so.0 -> libstartup-notification-1.so.0.0.0
	libwinpr-handle.so.0.1 -> libwinpr-handle.so.0.1.0
	libregistry.so.0 -> libregistry.so.0.0.1
	libXdmcp.so.6 -> libXdmcp.so.6.0.0
	libsamba-passdb.so.0 -> libsamba-passdb.so.0.24.1
	libGLU.so.1 -> libGLU.so.1.3.1
	libdbusmenu-gtk3.so.4 -> libdbusmenu-gtk3.so.4.0.12
	libgcr-ui-3.so.1 -> libgcr-ui-3.so.1.0.0
	libhpmud.so.0 -> libhpmud.so.0.0.6
	libgtkmm-3.0.so.1 -> libgtkmm-3.0.so.1.1.0
	libFLAC.so.8 -> libFLAC.so.8.3.0
	libespeak.so.1 -> libespeak.so.1.1.48
	libcmis-c-0.5.so.5 -> libcmis-c-0.5.so.5.0.0
	libwayland-egl.so.1 -> libwayland-egl.so.1.0.0
	libxcb-util.so.1 -> libxcb-util.so.1.0.0
	libIlmImfUtil-2_2.so.22 -> libIlmImfUtil-2_2.so.22.0.0
	libImath-2_2.so.12 -> libImath-2_2.so.12.0.0
	libgraphite2.so.3 -> libgraphite2.so.3.0.1
	libp11-kit.so.0 -> libp11-kit.so.0.1.0
	libtalloc.so.2 -> libtalloc.so.2.1.5
	libhunspell-1.3.so.0 -> libhunspell-1.3.so.0.0.0
	librevenge-stream-0.0.so.0 -> librevenge-stream-0.0.so.0.0.4
	librsvg-2.so.2 -> librsvg-2.so.2.40.13
	libdrm_nouveau.so.2 -> libdrm_nouveau.so.2.0.0
	libcroco-0.6.so.3 -> libcroco-0.6.so.3.0.1
	libfftw3_omp.so.3 -> libfftw3_omp.so.3.4.4
	libpagemaker-0.0.so.0 -> libpagemaker-0.0.so.0.0.3
	libcolordprivate.so.2 -> libcolordprivate.so.2.0.4
	libgstrtsp-1.0.so.0 -> libgstrtsp-1.0.so.0.803.0
	libexpatw.so.1 -> libexpatw.so.1.6.0
	libsignon-glib.so.1 -> libsignon-glib.so.1.0.0
	libwinpr-utils.so.0.1 -> libwinpr-utils.so.0.1.0
	libIex-2_2.so.12 -> libIex-2_2.so.12.0.0
	libjbig2dec.so.0 -> libjbig2dec.so.0.0.0
	libMagickWand-6.Q16.so.2 -> libMagickWand-6.Q16.so.2.0.0
	libOxideQtQuick.so.0 -> libOxideQtQuick.so.0
	libwhoopsie-preferences.so.0 -> libwhoopsie-preferences.so.0.0.0
	libdjvulibre.so.21 -> libdjvulibre.so.21.6.0
	libmessaging-menu.so.0 -> libmessaging-menu.so.0.0.0
	libnm-glib.so.4 -> libnm-glib.so.4.9.0
	libgettextsrc-0.19.7.so -> libgettextsrc.so
	libFcitxQt5DBusAddons.so.1 -> libFcitxQt5DBusAddons.so.1.0
	libcap-ng.so.0 -> libcap-ng.so.0.0.0
	libopcodes-2.26.1-system.so -> libopcodes-2.26.1-system.so
	libXfixes.so.3 -> libXfixes.so.3.1.0
	librevenge-generators-0.0.so.0 -> librevenge-generators-0.0.so.0.0.4
	libtelepathy-glib.so.0 -> libtelepathy-glib.so.0.84.1
	libestr.so.0 -> libestr.so.0.0.0
	libmythes-1.2.so.0 -> libmythes-1.2.so.0.0.0
	libmedia.so.1 -> libmedia.so.1.0.0
	libui.so.1 -> libui.so.1.0.0
	libpanel.so.5 -> libpanel.so.5.9
	libdv.so.4 -> libdv.so.4.0.3
	libgxps.so.2 -> libgxps.so.2.2.0
	libgstriff-1.0.so.0 -> libgstriff-1.0.so.0.803.0
	libkrb5support.so.0 -> libkrb5support.so.0.1
	libsasl2.so.2 -> libsasl2.so.2.0.25
	libappindicator3.so.1 -> libappindicator3.so.1.0.0
	libXss.so.1 -> libXss.so.1.0.0
	libmagic.so.1 -> libmagic.so.1.0.0
	libtic.so.5 -> libtic.so.5.9
	libgnutls.so.30 -> libgnutls.so.30.6.2
	libclucene-contribs-lib.so.1 -> libclucene-contribs-lib.so.2.3.3.4
	libgettextpo.so.0 -> libgettextpo.so.0.5.3
	libebackend-1.2.so.10 -> libebackend-1.2.so.10.0.0
	libwinpr-heap.so.0.1 -> libwinpr-heap.so.0.1.0
	libical.so.1 -> libical.so.1.0.1
	liblwres.so.141 -> liblwres.so.141.0.3
	libplds4.so -> libplds4.so
	libharfbuzz-icu.so.0 -> libharfbuzz-icu.so.0.10000.1
	liboauth.so.0 -> liboauth.so.0.8.7
	libQt5WebKit.so.5 -> libQt5WebKit.so.5.5.1
	libxkbfile.so.1 -> libxkbfile.so.1.0.2
	libgstphotography-1.0.so.0 -> libgstphotography-1.0.so.0.803.0
	libusbmuxd.so.4 -> libusbmuxd.so.4.0.0
	libcdio_cdda.so.1 -> libcdio_cdda.so.1.0.0
	libhpdiscovery.so.0 -> libhpdiscovery.so.0.0.1
	libdns-pkcs11.so.162 -> libdns-pkcs11.so.162.1.3
	libcurl.so.4 -> libcurl.so.4.4.0
	libevdocument3.so.4 -> libevdocument3.so.4.0.0
	libGLEWmx.so.1.13 -> libGLEWmx.so.1.13.0
	libfftw3f_threads.so.3 -> libfftw3f_threads.so.3.4.4
	libmirclient.so.9 -> libmirclient.so.9
	libpython2.7.so.1.0 -> libpython2.7.so.1.0
	libjavascriptcoregtk-4.0.so.18 -> libjavascriptcoregtk-4.0.so.18.7.13
	libopus.so.0 -> libopus.so.0.5.2
	libqpdf.so.21 -> libqpdf.so.21.0.2
	libdrm.so.2 -> libdrm.so.2.4.0
	libcrack.so.2 -> libcrack.so.2.9.0
	libunity-gtk3-parser.so.0 -> libunity-gtk3-parser.so.0.0.0
	libsbc.so.1 -> libsbc.so.1.2.1
	libnetfilter_conntrack.so.3 -> libnetfilter_conntrack.so.3.5.0
	libperl.so.5.22 -> libperl.so.5.22.1
	libsignon-qt5.so.1 -> libsignon-qt5.so.1.0.0
	libxcb-present.so.0 -> libxcb-present.so.0.0.0
	libunity-misc.so.4 -> libunity-misc.so.4.1.0
	libunity-extras.so.9 -> libunity-extras.so.9.0.2
	libplist.so.3 -> libplist.so.3.0.0
	libXrandr.so.2 -> libXrandr.so.2.2.0
	libaccounts-glib.so.0 -> libaccounts-glib.so.0.1.3
	libfreerdp-common.so.1.1.0 -> libfreerdp-common.so.1.1.0-beta1
	libaccount-plugin-1.0.so.0 -> libaccount-plugin-1.0.so.0.1.0
	libjasper.so.1 -> libjasper.so.1.0.0
	libdbusmenu-gtk.so.4 -> libdbusmenu-gtk.so.4.0.12
	libsecret-1.so.0 -> libsecret-1.so.0.0.0
	libavahi-glib.so.1 -> libavahi-glib.so.1.0.2
	libwebpmux.so.1 -> libwebpmux.so.1.0.2
	liblouis.so.9 -> liblouis.so.9.0.0
	libxml2.so.2 -> libxml2.so.2.9.3
	libgsttag-1.0.so.0 -> libgsttag-1.0.so.0.803.0
	libXfont2.so.2 -> libXfont2.so.2.0.0
	libGeoIP.so.1 -> libGeoIP.so.1.6.9
	libetonyek-0.1.so.1 -> libetonyek-0.1.so.1.0.6
	libXft.so.2 -> libXft.so.2.3.2
	libcolumbus.so.1 -> libcolumbus.so.1.1.0
	libmpxwrappers.so.0 -> libmpxwrappers.so.0.0.0
	libportaudio.so.2 -> libportaudio.so.2.0.0
	libsignon-plugins.so.1 -> libsignon-plugins.so.1.0.0
	libtheora.so.0 -> libtheora.so.0.3.10
	libindicator3.so.7 -> libindicator3.so.7.0.0
	libmenuw.so.5 -> libmenuw.so.5.9
	libtasn1.so.6 -> libtasn1.so.6.5.1
	libgnomekbdui.so.8 -> libgnomekbdui.so.8.0.0
	libstdc++.so.6 -> libstdc++.so.6.0.21
	libiculx.so.55 -> libiculx.so.55.1
	libpaper.so.1 -> libpaper.so.1.1.2
	libpangomm-1.4.so.1 -> libpangomm-1.4.so.1.0.30
	liblz4.so.1 -> liblz4.so.1.7.1
	libnm-util.so.2 -> libnm-util.so.2.7.0
	libgstcontroller-1.0.so.0 -> libgstcontroller-1.0.so.0.803.0
	libpulse.so.0 -> libpulse.so.0.19.0
	libfftw3f.so.3 -> libfftw3f.so.3.4.4
	libheimntlm.so.0 -> libheimntlm.so.0.1.0
	libnetsnmphelpers.so.30 -> libnetsnmphelpers.so.30.0.3
	libmircore.so.1 -> libmircore.so.1
	libebook-contacts-1.2.so.2 -> libebook-contacts-1.2.so.2.0.0
	libfreerdp-locale.so.1.1 -> libfreerdp-locale.so.1.1.0
	libgdbm_compat.so.3 -> libgdbm_compat.so.3.0.0
	libgcab-1.0.so.0 -> libgcab-1.0.so.0.0.0
	libgmime-2.6.so.0 -> libgmime-2.6.so.0.620.0
	libXdamage.so.1 -> libXdamage.so.1.1.0
	libxatracker.so.2 -> libxatracker.so.2.3.0
	libgomp.so.1 -> libgomp.so.1.0.0
	liborcus-0.10.so.0 -> liborcus-0.10.so.0.0.0
	libeot.so.0 -> libeot.so.0.0.0
	libgucharmap_2_90.so.7 -> libgucharmap_2_90.so.7.0.0
	libasprintf.so.0 -> libasprintf.so.0.0.0
	libkj-0.5.3.so -> libkj-0.5.3.so
	libgstreamer-1.0.so.0 -> libgstreamer-1.0.so.0.803.0
	libcaca++.so.0 -> libcaca++.so.0.99.19
	libyaml-0.so.2 -> libyaml-0.so.2.0.4
	libheimbase.so.1 -> libheimbase.so.1.0.0
	libwinpr-sspi.so.0.1 -> libwinpr-sspi.so.0.1.0
	libfftw3f_omp.so.3 -> libfftw3f_omp.so.3.4.4
	libasound.so.2 -> libasound.so.2.0.0
	libgstcheck-1.0.so.0 -> libgstcheck-1.0.so.0.803.0
	libxcb-render.so.0 -> libxcb-render.so.0.0.0
	libwinpr-file.so.0.1 -> libwinpr-file.so.0.1.0
	libcompizconfig.so.0 -> libcompizconfig.so.0.0.0
	libQt5XcbQpa.so.5 -> libQt5XcbQpa.so.5.5.1
	libdrm_intel.so.1 -> libdrm_intel.so.1.0.0
	liblightdm-gobject-1.so.0 -> liblightdm-gobject-1.so.0.0.0
	libwnck-3.so.0 -> libwnck-3.so.0.2.2
	libXinerama.so.1 -> libXinerama.so.1.0.0
	libgssapi_krb5.so.2 -> libgssapi_krb5.so.2.2
	libicuuc.so.55 -> libicuuc.so.55.1
	libwacom.so.2 -> libwacom.so.2.5.0
	libisccc.so.140 -> libisccc.so.140.0.4
	libguilereadline-v-18.so.18 -> libguilereadline-v-18.so.18.0.0
	libsoup-gnome-2.4.so.1 -> libsoup-gnome-2.4.so.1.7.0
	libaa.so.1 -> libaa.so.1.0.4
	libfcitx-utils.so.0 -> libfcitx-utils.so.0.1
	libvorbisenc.so.2 -> libvorbisenc.so.2.0.11
	libwpd-0.10.so.10 -> libwpd-0.10.so.10.0.1
	libgudev-1.0.so.0 -> libgudev-1.0.so.0.2.0
	libvorbis.so.0 -> libvorbis.so.0.4.8
	liborcus-mso-0.10.so.0 -> liborcus-mso-0.10.so.0.0.0
	libprotobuf-lite.so.9 -> libprotobuf-lite.so.9.0.1
	libfontembed.so.1 -> libfontembed.so.1.0.0
	libgom-1.0.so.0 -> libgom-1.0.so.0.1.0
	libwinpr-pool.so.0.1 -> libwinpr-pool.so.0.1.0
	libaspell.so.15 -> libaspell.so.15.2.0
	libHalf.so.12 -> libHalf.so.12.0.0
	libpanelw.so.5 -> libpanelw.so.5.9
	libyelp.so.0 -> libyelp.so.0.0.0
	libtevent.so.0 -> libtevent.so.0.9.28
	libkj-async-0.5.3.so -> libkj-async-0.5.3.so
	libXv.so.1 -> libXv.so.1.0.0
	libatkmm-1.6.so.1 -> libatkmm-1.6.so.1.1.0
	libbluetooth.so.3 -> libbluetooth.so.3.18.10
	libgusb.so.2 -> libgusb.so.2.0.10
	libedit.so.2 -> libedit.so.2.0.53
	libQtNetwork.so.4 -> libQtNetwork.so.4.8.7
	libwinpr-registry.so.0.1 -> libwinpr-registry.so.0.1.0
	libnux-core-4.0.so.0 -> libnux-core-4.0.so.0.8.0
	libXext.so.6 -> libXext.so.6.4.0
	libgeoclue.so.0 -> libgeoclue.so.0.0.0
	libnm-gtk.so.0 -> libnm-gtk.so.0.0.0
	libcapnpc-0.5.3.so -> libcapnpc-0.5.3.so
	libxcb-randr.so.0 -> libxcb-randr.so.0.1.0
	libI810XvMC.so.1 -> libI810XvMC.so.1.0.0
	libmbim-glib.so.4 -> libmbim-glib.so.4.2.0
	libmtp.so.9 -> libmtp.so.9.3.0
	libicalvcal.so.1 -> libicalvcal.so.1.0.1
	libgtk-x11-2.0.so.0 -> libgtk-x11-2.0.so.0.2400.30
	libQtCLucene.so.4 -> libQtCLucene.so.4.8.7
	libgmp.so.10 -> libgmp.so.10.3.0
	libnotify.so.4 -> libnotify.so.4.0.0
	libQt5Positioning.so.5 -> libQt5Positioning.so.5.5.1
	libfwup.so.0 -> libfwup.so.0.5
	libv4lconvert.so.0 -> libv4lconvert.so.0.0.0
	libgstrtp-1.0.so.0 -> libgstrtp-1.0.so.0.803.0
	libavahi-ui-gtk3.so.0 -> libavahi-ui-gtk3.so.0.1.4
	libubsan.so.0 -> libubsan.so.0.0.0
	libgailutil.so.18 -> libgailutil.so.18.0.1
	libdcerpc-binding.so.0 -> libdcerpc-binding.so.0.0.1
	liblcms2.so.2 -> liblcms2.so.2.0.6
	libcdda_interface.so.0 -> libcdda_interface.so.0.10.2
	libpeas-1.0.so.0 -> libpeas-1.0.so.0.1600.0
	libvncclient.so.1 -> libvncclient.so.1.0.0
	libpresage.so.1 -> libpresage.so.1.1.1
	libglibmm_generate_extra_defs-2.4.so.1 -> libglibmm_generate_extra_defs-2.4.so.1.3.0
	libgeis.so.1 -> libgeis.so.1.3.0
	libsamba-util.so.0 -> libsamba-util.so.0.0.1
	libtiff.so.5 -> libtiff.so.5.2.4
	libavahi-client.so.3 -> libavahi-client.so.3.2.9
	libgeonames.so.0 -> libgeonames.so.0.0.0
	libhybris-common.so.1 -> libhybris_ics.so
	libsamplerate.so.0 -> libsamplerate.so.0.1.8
	libsignon-extension.so.1 -> libsignon-extension.so.1.0.0
	libnetapi.so.0 -> libnetapi.so.0
	libnfc_nxp.so.1 -> libnfc_nxp.so.1.0.0
	libavahi-common.so.3 -> libavahi-common.so.3.5.3
	libpangoft2-1.0.so.0 -> libpangoft2-1.0.so.0.3800.1
	libtheoraenc.so.1 -> libtheoraenc.so.1.1.2
	libaudio.so.2 -> libaudio.so.2.4
	libmediaart-2.0.so.0 -> libmediaart-2.0.so.0.900.0
	libharfbuzz.so.0 -> libharfbuzz.so.0.10000.1
	libdfu.so.1 -> libdfu.so.1.0.1
	libmetacity-private.so.3 -> libmetacity-private.so.3.0.0
	libQt5DBus.so.5 -> libQt5DBus.so.5.5.1
	libgs.so.9 -> libgs.so.9.26
	libgcr-base-3.so.1 -> libgcr-base-3.so.1.0.0
	libasan.so.2 -> libasan.so.2.0.0
	libgnome-bluetooth.so.13 -> libgnome-bluetooth.so.13.0.1
	libwinpr-crt.so.0.1 -> libwinpr-crt.so.0.1.0
	libmpfr.so.4 -> libmpfr.so.4.1.4
	libQtScript.so.4 -> libQtScript.so.4.8.7
	libcdio.so.13 -> libcdio.so.13.0.0
	libcanberra-gtk3.so.0 -> libcanberra-gtk3.so.0.1.9
	liblouisutdml.so.6 -> liblouisutdml.so.6.0.8
	libcupsimage.so.2 -> libcupsimage.so.2
	libpciaccess.so.0 -> libpciaccess.so.0.11.1
	libgirepository-1.0.so.1 -> libgirepository-1.0.so.1.0.0
	libMagickCore-6.Q16.so.2 -> libMagickCore-6.Q16.so.2.0.0
	libtevent-util.so.0 -> libtevent-util.so.0.0.1
	libdrm_radeon.so.1 -> libdrm_radeon.so.1.0.1
	libapt-pkg.so.5.0 -> libapt-pkg.so.5.0.0
	libQt5QuickWidgets.so.5 -> libQt5QuickWidgets.so.5.5.1
	libcupsppdc.so.1 -> libcupsppdc.so.1
	libunity-webapps-repository.so.0 -> libunity-webapps-repository.so.0.0.0
	libQt5Network.so.5 -> libQt5Network.so.5.5.1
	libgthread-2.0.so.0 -> libgthread-2.0.so.0.4800.2
	libdcerpc-samr.so.0 -> libdcerpc-samr.so.0.0.1
	libtheoradec.so.1 -> libtheoradec.so.1.1.4
	libicuio.so.55 -> libicuio.so.55.1
	libgnomekbd.so.8 -> libgnomekbd.so.8.0.0
	libabw-0.1.so.1 -> libabw-0.1.so.1.0.1
	libnma.so.0 -> libnma.so.0.0.0
	libfreerdp-client.so.1.1 -> libfreerdp-client.so.1.1.0
	libimobiledevice.so.6 -> libimobiledevice.so.6.0.0
	libevdev.so.2 -> libevdev.so.2.1.12
	libndr.so.0 -> libndr.so.0.0.5
	libfftw3_threads.so.3 -> libfftw3_threads.so.3.4.4
	libraw_r.so.15 -> libraw_r.so.15.0.0
	libdee-1.0.so.4 -> libdee-1.0.so.4.2.1
	libpcre16.so.3 -> libpcre16.so.3.13.2
	libandroid-properties.so.1 -> libandroid-properties.so.1.0.0
	libedataserver-1.2.so.21 -> libedataserver-1.2.so.21.0.0
	libnetsnmp.so.30 -> libnetsnmp.so.30.0.3
	libkpathsea.so.6 -> libkpathsea.so.6.2.1
	libe-book-0.1.so.1 -> libe-book-0.1.so.1.0.2
	libdotconf.so.0 -> libdotconf.so.0.0.1
	libcogl-pango.so.20 -> libcogl-pango.so.20.4.1
	libis.so.1 -> libis.so.1.0.0
	libv4l1.so.0 -> libv4l1.so.0.0.0
	libfreerdp-cache.so.1.1 -> libfreerdp-cache.so.1.1.0
	libcolord.so.2 -> libcolord.so.2.0.4
	libXxf86dga.so.1 -> libXxf86dga.so.1.0.0
	libdbusmenu-qt.so.2 -> libdbusmenu-qt.so.2.6.0
	libmng.so.2 -> libmng.so.2.0.2
	libQt5Test.so.5 -> libQt5Test.so.5.5.1
	libgstpbutils-1.0.so.0 -> libgstpbutils-1.0.so.0.803.0
	libevview3.so.3 -> libevview3.so.3.0.0
	libexif.so.12 -> libexif.so.12.3.3
	libudisks2.so.0 -> libudisks2.so.0.0.0
	libbamf3.so.2 -> libbamf3.so.2.0.0
	libdbus-glib-1.so.2 -> libdbus-glib-1.so.2.3.3
	libgstallocators-1.0.so.0 -> libgstallocators-1.0.so.0.803.0
	libgck-1.so.0 -> libgck-1.so.0.0.0
	libndr-standard.so.0 -> libndr-standard.so.0.0.1
	libcdda_paranoia.so.0 -> libcdda_paranoia.so.0.10.2
	libtotem-plparser.so.18 -> libtotem-plparser.so.18.1.0
	libexslt.so.0 -> libexslt.so.0.8.17
	libogg.so.0 -> libogg.so.0.8.2
	libzeitgeist-1.0.so.1 -> libzeitgeist-1.0.so.1.1.4
	libedataserverui-1.2.so.1 -> libedataserverui-1.2.so.1.0.0
	libQt5Sql.so.5 -> libQt5Sql.so.5.5.1
	libgtk-3.so.0 -> libgtk-3.so.0.1800.9
	libtimezonemap.so.1 -> libtimezonemap.so.1.0.0
	libgailutil-3.so.0 -> libgailutil-3.so.0.0.0
	libraw1394.so.11 -> libraw1394.so.11.1.0
	libthai.so.0 -> libthai.so.0.2.4
	libSM.so.6 -> libSM.so.6.0.1
	libinput.so.10 -> libinput.so.10.11.5
	libXau.so.6 -> libXau.so.6.0.0
	libtdb.so.1 -> libtdb.so.1.3.8
	libgexiv2.so.2 -> libgexiv2.so.2.0.0
	libexttextcat-2.0.so.0 -> libexttextcat-2.0.so.0.0.0
	libproxy.so.1 -> libproxy.so.1.0.0
	libclutter-gst-3.0.so.0 -> libclutter-gst-3.0.so.0.18.0
	libpoppler.so.58 -> libpoppler.so.58.0.0
	libxcb-keysyms.so.1 -> libxcb-keysyms.so.1.0.0
	libgdbm.so.3 -> libgdbm.so.3.0.0
	libQtCore.so.4 -> libQtCore.so.4.8.7
	liba11y-profile-manager-0.1.so.0 -> liba11y-profile-manager-0.1.so.0.1.0
	libwinpr-input.so.0.1 -> libwinpr-input.so.0.1.0
	libshout.so.3 -> libshout.so.3.2.0
	libtsan.so.0 -> libtsan.so.0.0.0
	libassuan.so.0 -> libassuan.so.0.7.2
	libcupsfilters.so.1 -> libcupsfilters.so.1.0.0
	libgiomm-2.4.so.1 -> libgiomm-2.4.so.1.3.0
	libkrb5.so.26 -> libkrb5.so.26.0.0
	libQt5EglDeviceIntegration.so.5 -> libQt5EglDeviceIntegration.so.5.5.1
	libQtDeclarative.so.4 -> libQtDeclarative.so.4.8.7
	libmirprotobuf.so.3 -> libmirprotobuf.so.3
	libplc4.so -> libplc4.so
	libwayland-cursor.so.0 -> libwayland-cursor.so.0.0.0
	libwinpr-library.so.0.1 -> libwinpr-library.so.0.1.0
	libwinpr-path.so.0.1 -> libwinpr-path.so.0.1.0
	libssh_threads.so.4 -> libssh_threads.so.4.4.1
	libgdk-x11-2.0.so.0 -> libgdk-x11-2.0.so.0.2400.30
	librhythmbox-core.so.9 -> librhythmbox-core.so.9.0.0
	libffi.so.6 -> libffi.so.6.0.4
	libglapi.so.0 -> libglapi.so.0.0.0
	libnm-glib-vpn.so.1 -> libnm-glib-vpn.so.1.2.0
	liblsan.so.0 -> liblsan.so.0.0.0
	libnfnetlink.so.0 -> libnfnetlink.so.0.2.0
	libldb.so.1 -> libldb.so.1.1.24
	libunwind-x86_64.so.8 -> libunwind-x86_64.so.8.0.1
	libXfont.so.1 -> libXfont.so.1.4.1
	librevenge-0.0.so.0 -> librevenge-0.0.so.0.0.4
	libxcb-shape.so.0 -> libxcb-shape.so.0.0.0
	libatspi.so.0 -> libatspi.so.0.0.1
	libxcb-glx.so.0 -> libxcb-glx.so.0.0.0
	libnetsnmptrapd.so.30 -> libnetsnmptrapd.so.30.0.3
	libfreetype.so.6 -> libfreetype.so.6.12.1
	libsnapd-glib.so.1 -> libsnapd-glib.so.1.0.0
	libXcursor.so.1 -> libXcursor.so.1.0.2
	libclucene-shared.so.1 -> libclucene-shared.so.2.3.3.4
	libspectre.so.1 -> libspectre.so.1.1.7
	libxcb-shm.so.0 -> libxcb-shm.so.0.0.0
	libxcb.so.1 -> libxcb.so.1.1.0
	libunity.so.9 -> libunity.so.9.0.2
	libQt5Xml.so.5 -> libQt5Xml.so.5.5.1
	libcupscgi.so.1 -> libcupscgi.so.1
	libvibrator.so.1 -> libvibrator.so.1.0.0
	libcmis-0.5.so.5 -> libcmis-0.5.so.5.0.0
	libfreehand-0.1.so.1 -> libfreehand-0.1.so.1.0.1
	libxapian.so.22 -> libxapian.so.22.7.0
	libIexMath-2_2.so.12 -> libIexMath-2_2.so.12.0.0
	libpython3.5m.so.1.0 -> libpython3.5m.so.1.0
	libQt5Gui.so.5 -> libQt5Gui.so.5.5.1
	libunity-core-6.0.so.9 -> libunity-core-6.0.so.9.0.0
	libxkbcommon-x11.so.0 -> libxkbcommon-x11.so.0.0.0
	libFcitxQt5WidgetsAddons.so.1 -> libFcitxQt5WidgetsAddons.so.1.0
	libnss3.so -> libnss3.so
	libraptor2.so.0 -> libraptor2.so.0.0.0
	libtotem.so.0 -> libtotem.so.0.0.0
	libwinpr-synch.so.0.1 -> libwinpr-synch.so.0.1.0
	libgd.so.3 -> libgd.so.3.0.0
	libfcitx-gclient.so.0 -> libfcitx-gclient.so.0.1
	libdrm_amdgpu.so.1 -> libdrm_amdgpu.so.1.0.0
	libnetsnmpmibs.so.30 -> libnetsnmpmibs.so.30.0.3
	libQt5Qml.so.5 -> libQt5Qml.so.5.5.1
	libtag.so.1 -> libtag.so.1.14.0
	libgc.so.1 -> libgc.so.1.0.3
	libgpm.so.2 -> libgpm.so.2
	libexempi.so.3 -> libexempi.so.3.2.4
	libpwquality.so.1 -> libpwquality.so.1.0.2
	libdns.so.162 -> libdns.so.162.1.3
	libguile-2.0.so.22 -> libguile-2.0.so.22.7.2
	libgtop-2.0.so.10 -> libgtop-2.0.so.10.0.0
	libhyphen.so.0 -> libhyphen.so.0.3.0
	libcaca.so.0 -> libcaca.so.0.99.19
	libnux-4.0.so.0 -> libnux-4.0.so.0.8.0
	libdcerpc.so.0 -> libdcerpc.so.0.0.1
	libhpipp.so.0 -> libhpipp.so.0.0.1
	libmpx.so.0 -> libmpx.so.0.0.0
	libwinpr-interlocked.so.0.1 -> libwinpr-interlocked.so.0.1.0
	libibus-1.0.so.5 -> libibus-1.0.so.5.0.511
	libcdio_paranoia.so.1 -> libcdio_paranoia.so.1.0.0
	libcairo-gobject.so.2 -> libcairo-gobject.so.2.11400.6
	libapt-inst.so.2.0 -> libapt-inst.so.2.0.0
	libhogweed.so.4 -> libhogweed.so.4.2
	libsndfile.so.1 -> libsndfile.so.1.0.25
	libsqlite3.so.0 -> libsqlite3.so.0.8.6
	libarchive.so.13 -> libarchive.so.13.1.2
	librasqal.so.3 -> librasqal.so.3.0.0
	libXaw.so.7 -> libXaw7.so.7.0.0
	libwinpr-sysinfo.so.0.1 -> libwinpr-sysinfo.so.0.1.0
	libgstnet-1.0.so.0 -> libgstnet-1.0.so.0.803.0
	libpangocairo-1.0.so.0 -> libpangocairo-1.0.so.0.3800.1
	libxklavier.so.16 -> libxklavier.so.16.4.0
	libgstbasecamerabinsrc-1.0.so.0 -> libgstbasecamerabinsrc-1.0.so.0.803.0
	libnuma.so.1 -> libnuma.so.1.0.0
	libhx509.so.5 -> libhx509.so.5.0.0
	libfcitx-config.so.4 -> libfcitx-config.so.4.1
	libgnutls-openssl.so.27 -> libgnutls-openssl.so.27.0.2
	libjpeg.so.8 -> libjpeg.so.8.0.2
	libappstream.so.3 -> libappstream.so.0.9.4
	libsmbclient-raw.so.0 -> libsmbclient-raw.so.0.0.1
	libQt5Widgets.so.5 -> libQt5Widgets.so.5.5.1
	libGLEW.so.1.13 -> libGLEW.so.1.13.0
	libfribidi.so.0 -> libfribidi.so.0.3.6
	libieee1284.so.3 -> libieee1284.so.3.2.2
	libcompizconfig_gsettings_backend.so -> libcompizconfig_gsettings_backend.so
	libUbuntuToolkit.so.5 -> libUbuntuToolkit.so.5.5.0
	libtracker-sparql-1.0.so.0 -> libtracker-sparql-1.0.so.0.602.0
	libunwind-ptrace.so.0 -> libunwind-ptrace.so.0.0.0
	libsamba-hostconfig.so.0 -> libsamba-hostconfig.so.0.0.1
	libwebrtc_audio_processing.so.0 -> libwebrtc_audio_processing.so.0.0.0
	libmwaw-0.3.so.3 -> libmwaw-0.3.so.3.0.7
	libpolkit-agent-1.so.0 -> libpolkit-agent-1.so.0.0.0
	libgphoto2.so.6 -> libgphoto2.so.6.0.0
	libfcitx-core.so.0 -> libfcitx-core.so.0.3
	libgsettings-qt.so.1 -> libgsettings-qt.so.1.0.0
	libwebkit2gtk-4.0.so.37 -> libwebkit2gtk-4.0.so.37.28.5
	libedata-book-1.2.so.25 -> libedata-book-1.2.so.25.0.0
	libXi.so.6 -> libXi.so.6.1.0
	libkrb5.so.3 -> libkrb5.so.3.3
	libaccounts-qt5.so.1 -> libaccounts-qt5.so.1.2.0
	libxkbcommon.so.0 -> libxkbcommon.so.0.0.0
	libframe.so.6 -> libframe.so.6.0.0
	libunity-webapps.so.0 -> libunity-webapps.so.0.0.0
	libunwind.so.8 -> libunwind.so.8.0.1
	libraw.so.15 -> libraw.so.15.0.0
	libgettextlib-0.19.7.so -> libgettextlib.so
	libfwupd.so.1 -> libfwupd.so.1.0.1
	libqpdf.so.17 -> libqpdf.so.17.0.0
	libX11.so.6 -> libX11.so.6.3.0
	libQt5Svg.so.5 -> libQt5Svg.so.5.5.1
	libasyncns.so.0 -> libasyncns.so.0.3.1
	libnettle.so.6 -> libnettle.so.6.2
	libgtksourceview-3.0.so.1 -> libgtksourceview-3.0.so.1.5.0
	libtk8.6.so -> libtk8.6.so.0
	libndr-krb5pac.so.0 -> libndr-krb5pac.so.0.0.1
	libsigc-2.0.so.0 -> libsigc-2.0.so.0.0.0
	libLLVM-3.8.so.1 -> libLLVM-3.8.so.1
	libgpgme.so.11 -> libgpgme.so.11.14.0
	libvpx.so.3 -> libvpx.so.3.0.0
	libxcb-xfixes.so.0 -> libxcb-xfixes.so.0.0.0
	libprotobuf.so.9 -> libprotobuf.so.9.0.1
	libdaemon.so.0 -> libdaemon.so.0.5.0
	libpipeline.so.1 -> libpipeline.so.1.4.1
	liblangtag.so.1 -> liblangtag.so.1.3.1
	libgmodule-2.0.so.0 -> libgmodule-2.0.so.0.4800.2
	libXvMC.so.1 -> libXvMC.so.1.0.0
	libsigsegv.so.2 -> libsigsegv.so.2.0.3
	libwifi.so.1 -> libwifi.so.1.0.0
	libnautilus-extension.so.1 -> libnautilus-extension.so.1.4.0
	libQtXmlPatterns.so.4 -> libQtXmlPatterns.so.4.8.7
	libXxf86vm.so.1 -> libXxf86vm.so.1.0.0
	libQt5Quick.so.5 -> libQt5Quick.so.5.5.1
	libcc1.so.0 -> libcc1.so.0.0.0
	libclutter-1.0.so.0 -> libclutter-1.0.so.0.2400.2
	libpulse-mainloop-glib.so.0 -> libpulse-mainloop-glib.so.0.0.5
	libcolamd.so.2.9.1 -> libcolamd.so.2.9.1
	libutempter.so.0 -> libutempter.so.1.1.6
	libcupsmime.so.1 -> libcupsmime.so.1
	libvte-2.91.so.0 -> libvte-2.91.so.0.4200.5
	libxslt.so.1 -> libxslt.so.1.1.28
	libqqwing.so.2 -> libqqwing.so.2.1.0
	libQt5PrintSupport.so.5 -> libQt5PrintSupport.so.5.5.1
	libwayland-server.so.0 -> libwayland-server.so.0.1.0
	libQtDBus.so.4 -> libQtDBus.so.4.8.7
	libcurl-gnutls.so.4 -> libcurl-gnutls.so.4.4.0
	libcogl.so.20 -> libcogl.so.20.4.1
	libedata-cal-1.2.so.28 -> libedata-cal-1.2.so.28.0.0
	libwinpr-thread.so.0.1 -> libwinpr-thread.so.0.1.0
	libmhash.so.2 -> libmhash.so.2.0.1
	libcdr-0.1.so.1 -> libcdr-0.1.so.1.0.2
	libXrender.so.1 -> libXrender.so.1.3.0
	libicudata.so.55 -> libicudata.so.55.1
	libclutter-gtk-1.0.so.0 -> libclutter-gtk-1.0.so.0.600.6
	liburl-dispatcher.so.1 -> liburl-dispatcher.so.1.0.0
	libwmflite-0.2.so.7 -> libwmflite-0.2.so.7.0.1
	libfreerdp-primitives.so.1.1 -> libfreerdp-primitives.so.1.1.0
	libXtst.so.6 -> libXtst.so.6.1.0
	libbabeltrace-lttng-live.so.1 -> libbabeltrace-lttng-live.so.1.0.0
	libmircommon.so.5 -> libmircommon.so.5
	liblqr-1.so.0 -> liblqr-1.so.0.3.2
	libsmbldap.so.0 -> libsmbldap.so.0
	libhud.so.2 -> libhud.so.2.0.0
	libQt5OpenGL.so.5 -> libQt5OpenGL.so.5.5.1
	libapt-private.so.0.0 -> libapt-private.so.0.0.0
	libdconf.so.1 -> libdconf.so.1.0.0
	libgio-2.0.so.0 -> libgio-2.0.so.0.4800.2
	libavahi-core.so.7 -> libavahi-core.so.7.0.2
	libICE.so.6 -> libICE.so.6.3.0
	libQt5WebKitWidgets.so.5 -> libQt5WebKitWidgets.so.5.5.1
	libgdk_pixbuf_xlib-2.0.so.0 -> libgdk_pixbuf_xlib-2.0.so.0.3200.2
	liborc-test-0.4.so.0 -> liborc-test-0.4.so.0.25.0
	libgbm.so.1 -> libgbm.so.1.0.0
	libefiboot.so.0 -> libefiboot.so.0.23
	libwinpr-environment.so.0.1 -> libwinpr-environment.so.0.1.0
	libiec61883.so.0 -> libiec61883.so.0.1.1
	libisc.so.160 -> libisc.so.160.0.0
	libwmf-0.2.so.7 -> libwmf-0.2.so.7.1.0
	libefivar.so.0 -> libefivar.so.0.23
	libnetsnmpagent.so.30 -> libnetsnmpagent.so.30.0.3
	libmpdec.so.2 -> libmpdec.so.2.4.2
	libQt5QuickTest.so.5 -> libQt5QuickTest.so.5.5.1
	libLLVM-6.0.so.1 -> libLLVM-6.0.so.1
	libmpc.so.3 -> libmpc.so.3.0.0
	libcamel-1.2.so.54 -> libcamel-1.2.so.54.0.0
	libtxc_dxtn_s2tc.so.0 -> libtxc_dxtn_s2tc.so.0.0.0
	libfreerdp-gdi.so.1.1 -> libfreerdp-gdi.so.1.1.0
	libglibmm-2.4.so.1 -> libglibmm-2.4.so.1.3.0
	libgdk-3.so.0 -> libgdk-3.so.0.1800.9
	libndr-nbt.so.0 -> libndr-nbt.so.0.0.1
	libevent-2.0.so.5 -> libevent-2.0.so.5.1.9
	libfreerdp-crypto.so.1.1 -> libfreerdp-crypto.so.1.1.0
	libneon-gnutls.so.27 -> libneon-gnutls.so.27.3.1
	libunistring.so.0 -> libunistring.so.0.1.2
	libpangox-1.0.so.0 -> libpangox-1.0.so.0.0.0
	librdf.so.0 -> librdf.so.0.0.0
	libjack.so.0 -> libjack.so.0.1.0
	libXvMCW.so.1 -> libXvMCW.so.1.0.0
	libepoxy.so.0 -> libepoxy.so.0.0.0
	libgrlnet-0.2.so.0 -> libgrlnet-0.2.so.0.1.10
	libhcrypto.so.4 -> libhcrypto.so.4.1.0
	libwinpr-rpc.so.0.1 -> libwinpr-rpc.so.0.1.0
	libpoppler-glib.so.8 -> libpoppler-glib.so.8.7.0
	libgphoto2_port.so.12 -> libgphoto2_port.so.12.0.0
	libwbclient.so.0 -> libwbclient.so.0.12
	libicui18n.so.55 -> libicui18n.so.55.1
	libQt5Feedback.so.5 -> libQt5Feedback.so.5.0.0
	libcanberra.so.0 -> libcanberra.so.0.2.5
	libquvi.so.7 -> libquvi.so.7.0.1
	libfontconfig.so.1 -> libfontconfig.so.1.9.0
	libQtXml.so.4 -> libQtXml.so.4.8.7
	libgstsdp-1.0.so.0 -> libgstsdp-1.0.so.0.803.0
	libfreerdp-codec.so.1.1 -> libfreerdp-codec.so.1.1.0
	libcairomm-1.0.so.1 -> libcairomm-1.0.so.1.4.0
	libgtkspell3-3.so.0 -> libgtkspell3-3.so.0.1.0
	libgstaudio-1.0.so.0 -> libgstaudio-1.0.so.0.803.0
	libXcomposite.so.1 -> libXcomposite.so.1.0.0
	libksba.so.8 -> libksba.so.8.11.4
	libbfd-2.26.1-system.so -> libbfd-2.26.1-system.so
	libdmapsharing-3.0.so.2 -> libdmapsharing-3.0.so.2.9.34
	libsmbclient.so.0 -> libsmbclient.so.0.2.3
	libXmuu.so.1 -> libXmuu.so.1.0.0
	libpangoxft-1.0.so.0 -> libpangoxft-1.0.so.0.3800.1
	libgeocode-glib.so.0 -> libgeocode-glib.so.0.0.0
	libfreerdp-utils.so.1.1 -> libfreerdp-utils.so.1.1.0
	libhybris-hwcomposerwindow.so.1 -> libhybris-hwcomposerwindow.so.1.0.0
	libpeas-gtk-1.0.so.0 -> libpeas-gtk-1.0.so.0.1600.0
	libQt5Core.so.5 -> libQt5Core.so.5.5.1
	libquadmath.so.0 -> libquadmath.so.0.0.0
	libnux-graphics-4.0.so.0 -> libnux-graphics-4.0.so.0.8.0
	libUbuntuGestures.so.5 -> libUbuntuGestures.so.5.5.0
	libgutenprint.so.2 -> libgutenprint.so.2.4.0
	libsonic.so.0 -> libsonic.so.0.2.0
	libpango-1.0.so.0 -> libpango-1.0.so.0.3800.1
	libunwind-coredump.so.0 -> libunwind-coredump.so.0.0.0
	libisc-pkcs11.so.160 -> libisc-pkcs11.so.160.0.0
	libaccountsservice.so.0 -> libaccountsservice.so.0.0.0
	libmspub-0.1.so.1 -> libmspub-0.1.so.1.0.2
	librest-0.7.so.0 -> librest-0.7.so.0.0.0
	libIlmImf-2_2.so.22 -> libIlmImf-2_2.so.22.0.0
/lib/x86_64-linux-gnu:
	libselinux.so.1 -> libselinux.so.1
	libpcprofile.so -> libpcprofile.so
	libdevmapper.so.1.02.1 -> libdevmapper.so.1.02.1
	libnss_mdns6.so.2 -> libnss_mdns6.so.2
	libncurses.so.5 -> libncurses.so.5.9
	libiw.so.30 -> libiw.so.30
	libply-boot-client.so.4 -> libply-boot-client.so.4.0.0
	ld-linux-x86-64.so.2 -> ld-2.23.so
	libdl.so.2 -> libdl-2.23.so
	libply-splash-core.so.4 -> libply-splash-core.so.4.0.0
	libseccomp.so.2 -> libseccomp.so.2.4.3
	libgcrypt.so.20 -> libgcrypt.so.20.0.5
	libmemusage.so -> libmemusage.so
	libhistory.so.6 -> libhistory.so.6.3
	libpci.so.3 -> libpci.so.3.3.1
	libSegFault.so -> libSegFault.so
	libusb-1.0.so.0 -> libusb-1.0.so.0.1.0
	libiptc.so.0 -> libiptc.so.0.0.0
	libnss_mdns.so.2 -> libnss_mdns.so.2
	libreadline.so.6 -> libreadline.so.6.3
	libpamc.so.0 -> libpamc.so.0.82.1
	libcgmanager.so.0 -> libcgmanager.so.0.0.0
	libbrlapi.so.0.6 -> libbrlapi.so.0.6.4
	libusb-0.1.so.4 -> libusb-0.1.so.4.4.4
	libpthread.so.0 -> libpthread-2.23.so
	libnss_nis.so.2 -> libnss_nis-2.23.so
	liblzma.so.5 -> liblzma.so.5.0.0
	libe2p.so.2 -> libe2p.so.2.3
	libc.so.6 -> libc-2.23.so
	libnss_mdns4.so.2 -> libnss_mdns4.so.2
	libresolv.so.2 -> libresolv-2.23.so
	libgpg-error.so.0 -> libgpg-error.so.0.17.0
	libgcc_s.so.1 -> libgcc_s.so.1
	libattr.so.1 -> libattr.so.1.1.0
	libnss_files.so.2 -> libnss_files-2.23.so
	libpcsclite.so.1 -> libpcsclite.so.1.0.0
	libanl.so.1 -> libanl-2.23.so
	libcrypt.so.1 -> libcrypt-2.23.so
	libpam.so.0 -> libpam.so.0.83.1
	libnss_dns.so.2 -> libnss_dns-2.23.so
	libnih.so.1 -> libnih.so.1.0.0
	libply-splash-graphics.so.4 -> libply-splash-graphics.so.4.0.0
	libglib-2.0.so.0 -> libglib-2.0.so.0.4800.2
	libapparmor.so.1 -> libapparmor.so.1.4.0
	libcrypto.so.1.0.0 -> libcrypto.so.1.0.0
	libssl.so.1.0.0 -> libssl.so.1.0.0
	libuuid.so.1 -> libuuid.so.1.3.0
	libnsl.so.1 -> libnsl-2.23.so
	libdns-export.so.162 -> libdns-export.so.162.1.3
	libnss_nisplus.so.2 -> libnss_nisplus-2.23.so
	libntfs-3g.so.861 -> libntfs-3g.so.861.0.0
	libnewt.so.0.52 -> libnewt.so.0.52.18
	libsystemd.so.0 -> libsystemd.so.0.14.0
	libfdisk.so.1 -> libfdisk.so.1.1.0
	libprocps.so.4 -> libprocps.so.4.0.0
	libpng12.so.0 -> libpng12.so.0.54.0
	libip6tc.so.0 -> libip6tc.so.0.1.0
	libsepol.so.1 -> libsepol.so.1
	libnl-3.so.200 -> libnl-3.so.200.22.0
	libcryptsetup.so.4 -> libcryptsetup.so.4.6.0
	libbz2.so.1.0 -> libbz2.so.1.0.4
	libparted.so.2 -> libparted.so.2.0.1
	libaudit.so.1 -> libaudit.so.1.0.0
	libkeyutils.so.1 -> libkeyutils.so.1.5
	libpopt.so.0 -> libpopt.so.0.0.0
	libfuse.so.2 -> libfuse.so.2.9.4
	libisc-export.so.160 -> libisc-export.so.160.0.0
	libcom_err.so.2 -> libcom_err.so.2.1
	libxtables.so.11 -> libxtables.so.11.0.0
	libdbus-1.so.3 -> libdbus-1.so.3.14.6
	libBrokenLocale.so.1 -> libBrokenLocale-2.23.so
	libnss_mdns4_minimal.so.2 -> libnss_mdns4_minimal.so.2
	libsmartcols.so.1 -> libsmartcols.so.1.1.0
	libbsd.so.0 -> libbsd.so.0.8.2
	libexpat.so.1 -> libexpat.so.1.6.0
	libblkid.so.1 -> libblkid.so.1.1.0
	libatm.so.1 -> libatm.so.1.0.0
	libmnl.so.0 -> libmnl.so.0.1.0
	libnih-dbus.so.1 -> libnih-dbus.so.1.0.0
	libext2fs.so.2 -> libext2fs.so.2.4
	libcidn.so.1 -> libcidn-2.23.so
	libutil.so.1 -> libutil-2.23.so
	libpcre.so.3 -> libpcre.so.3.13.2
	liblzo2.so.2 -> liblzo2.so.2.0.0
	libip4tc.so.0 -> libip4tc.so.0.1.0
	libpam_misc.so.0 -> libpam_misc.so.0.82.0
	libnl-genl-3.so.200 -> libnl-genl-3.so.200.22.0
	libncursesw.so.5 -> libncursesw.so.5.9
	libply.so.4 -> libply.so.4.0.0
	libtinfo.so.5 -> libtinfo.so.5.9
	libnss_mdns6_minimal.so.2 -> libnss_mdns6_minimal.so.2
	libkmod.so.2 -> libkmod.so.2.3.0
	librt.so.1 -> librt-2.23.so
	libcap.so.2 -> libcap.so.2.24
	libx86.so.1 -> libx86.so.1
	libm.so.6 -> libm-2.23.so
	libulockmgr.so.1 -> libulockmgr.so.1.0.1
	libjson-c.so.2 -> libjson-c.so.2.0.0
	libudev.so.1 -> libudev.so.1.6.4
	libatasmart.so.4 -> libatasmart.so.4.0.5
	libnss_mdns_minimal.so.2 -> libnss_mdns_minimal.so.2
	libss.so.2 -> libss.so.2.0
	libmvec.so.1 -> libmvec-2.23.so
	libslang.so.2 -> libslang.so.2.3.0
	libnss_hesiod.so.2 -> libnss_hesiod-2.23.so
	libnss_compat.so.2 -> libnss_compat-2.23.so
	libthread_db.so.1 -> libthread_db-1.0.so
	libacl.so.1 -> libacl.so.1.1.0
	libz.so.1 -> libz.so.1.2.8
	libmount.so.1 -> libmount.so.1.1.0
	libwrap.so.0 -> libwrap.so.0.7.6
